<?xml version="1.0" encoding="UTF-8"?>
<!-- Generated by org.testng.reporters.JUnitXMLReporter -->
<testsuite ignored="2" hostname="DESKTOP-NFARTSQ" failures="0" tests="0" time="0.013" errors="0" timestamp="2024-09-04T10:17:45 IST">
  <testcase classname="com.qa.openkart.Tests.HomePageTest" name="Login" time="0.0">
    <ignored/>
  </testcase> <!-- Login -->
  <testcase classname="com.qa.openkart.Tests.HomePageTest" name="operations" time="0.0">
    <ignored/>
  </testcase> <!-- operations -->
</testsuite>
