<?xml version="1.0" encoding="UTF-8"?>
<testng-results ignored="2" total="5" passed="2" failed="1" skipped="0">
  <reporter-output>
  </reporter-output>
  <suite started-at="2024-09-11T20:34:31 IST" name="Big TestNG Test" finished-at="2024-09-11T20:34:34 IST" duration-ms="2944">
    <groups>
    </groups>
    <test started-at="2024-09-11T20:34:31 IST" name="Google Search" finished-at="2024-09-11T20:34:34 IST" duration-ms="2944">
      <class name="com.qa.openkart.Tests.BHomePageTest_2">
        <test-method signature="Click_Leads()[pri:4, instance:com.qa.openkart.Tests.BHomePageTest_2@1d81e101]" started-at="2024-09-11T20:34:32 IST" name="Click_Leads" description="Click on Leads Link on Home Page" finished-at="2024-09-11T20:34:32 IST" duration-ms="206" status="FAIL">
          <exception class="com.microsoft.playwright.PlaywrightException">
            <message>
              <![CDATA[Object doesn't exist: request@dc4760a3ff5a72b7843c4a2ddbde16a1]]>
            </message>
            <full-stacktrace>
              <![CDATA[com.microsoft.playwright.PlaywrightException: Object doesn't exist: request@dc4760a3ff5a72b7843c4a2ddbde16a1
at com.microsoft.playwright.impl.Connection.getExistingObject(Connection.java:192)
at com.microsoft.playwright.impl.BrowserContextImpl.handleEvent(BrowserContextImpl.java:752)
at com.microsoft.playwright.impl.Connection.dispatch(Connection.java:292)
at com.microsoft.playwright.impl.Connection.processOneMessage(Connection.java:211)
at com.microsoft.playwright.impl.ChannelOwner.runUntil(ChannelOwner.java:118)
at com.microsoft.playwright.impl.Connection.sendMessage(Connection.java:130)
at com.microsoft.playwright.impl.ChannelOwner.sendMessage(ChannelOwner.java:106)
at com.microsoft.playwright.impl.FrameImpl.waitForTimeoutImpl(FrameImpl.java:1076)
at com.microsoft.playwright.impl.PageImpl.lambda$waitForTimeout$95(PageImpl.java:1562)
at com.microsoft.playwright.impl.LoggingSupport.lambda$withLogging$0(LoggingSupport.java:36)
at com.microsoft.playwright.impl.LoggingSupport.withLogging(LoggingSupport.java:47)
at com.microsoft.playwright.impl.ChannelOwner.withLogging(ChannelOwner.java:89)
at com.microsoft.playwright.impl.LoggingSupport.withLogging(LoggingSupport.java:35)
at com.microsoft.playwright.impl.PageImpl.waitForTimeout(PageImpl.java:1562)
at com.qa.openkart.Tests.BHomePageTest_2.Click_Leads(BHomePageTest_2.java:42)
at java.base/jdk.internal.reflect.DirectMethodHandleAccessor.invoke(DirectMethodHandleAccessor.java:103)
at java.base/java.lang.reflect.Method.invoke(Method.java:580)
at org.testng.internal.MethodInvocationHelper.invokeMethod(MethodInvocationHelper.java:133)
at org.testng.internal.TestInvoker.invokeMethod(TestInvoker.java:598)
at org.testng.internal.TestInvoker.invokeTestMethod(TestInvoker.java:173)
at org.testng.internal.MethodRunner.runInSequence(MethodRunner.java:46)
at org.testng.internal.TestInvoker$MethodInvocationAgent.invoke(TestInvoker.java:824)
at org.testng.internal.TestInvoker.invokeTestMethods(TestInvoker.java:146)
at org.testng.internal.TestMethodWorker.invokeTestMethods(TestMethodWorker.java:146)
at org.testng.internal.TestMethodWorker.run(TestMethodWorker.java:128)
at java.base/java.util.concurrent.ThreadPoolExecutor.runWorker(ThreadPoolExecutor.java:1144)
at java.base/java.util.concurrent.ThreadPoolExecutor$Worker.run(ThreadPoolExecutor.java:642)
at java.base/java.lang.Thread.run(Thread.java:1570)
]]>
            </full-stacktrace>
          </exception> <!-- com.microsoft.playwright.PlaywrightException -->
          <reporter-output>
          </reporter-output>
        </test-method> <!-- Click_Leads -->
      </class> <!-- com.qa.openkart.Tests.BHomePageTest_2 -->
      <class name="com.qa.openkart.Tests.ALoginPageTest_1">
        <test-method is-config="true" signature="setup()[pri:0, instance:com.qa.openkart.Tests.ALoginPageTest_1@109f5dd8]" started-at="2024-09-11T20:34:25 IST" name="setup" finished-at="2024-09-11T20:34:31 IST" duration-ms="6166" status="PASS">
          <reporter-output>
          </reporter-output>
        </test-method> <!-- setup -->
        <test-method signature="Fetch_title()[pri:0, instance:com.qa.openkart.Tests.ALoginPageTest_1@109f5dd8]" started-at="2024-09-11T20:34:32 IST" name="Fetch_title" description="Get Title of Login Page" finished-at="2024-09-11T20:34:32 IST" duration-ms="44" status="PASS">
          <reporter-output>
          </reporter-output>
        </test-method> <!-- Fetch_title -->
        <test-method signature="Login()[pri:1, instance:com.qa.openkart.Tests.ALoginPageTest_1@109f5dd8]" started-at="2024-09-11T20:34:32 IST" name="Login" description="Login with Valid Credentials" finished-at="2024-09-11T20:34:34 IST" duration-ms="1853" status="PASS">
          <reporter-output>
          </reporter-output>
        </test-method> <!-- Login -->
      </class> <!-- com.qa.openkart.Tests.ALoginPageTest_1 -->
    </test> <!-- Google Search -->
  </suite> <!-- Big TestNG Test -->
</testng-results>
