<?xml version="1.0" encoding="UTF-8"?>
<testng-results ignored="3" total="8" passed="4" failed="1" skipped="0">
  <reporter-output>
  </reporter-output>
  <suite started-at="2024-09-17T09:30:27 IST" name="Big TestNG Test" finished-at="2024-09-17T09:31:12 IST" duration-ms="45163">
    <groups>
    </groups>
    <test started-at="2024-09-17T09:30:27 IST" name="Google Search" finished-at="2024-09-17T09:31:12 IST" duration-ms="45163">
      <class name="com.qa.openkart.Tests.LoginPageTest">
        <test-method is-config="true" signature="setup()[pri:0, instance:com.qa.openkart.Tests.LoginPageTest@d4ab71a]" started-at="2024-09-17T09:30:20 IST" name="setup" finished-at="2024-09-17T09:30:27 IST" duration-ms="6787" status="PASS">
          <reporter-output>
          </reporter-output>
        </test-method> <!-- setup -->
        <test-method is-config="true" signature="setUp()[pri:0, instance:com.qa.openkart.Tests.LoginPageTest@d4ab71a]" started-at="2024-09-17T09:30:28 IST" name="setUp" finished-at="2024-09-17T09:30:31 IST" duration-ms="2671" status="PASS">
          <reporter-output>
          </reporter-output>
        </test-method> <!-- setUp -->
        <test-method signature="Fetch_title()[pri:0, instance:com.qa.openkart.Tests.LoginPageTest@d4ab71a]" started-at="2024-09-17T09:30:31 IST" name="Fetch_title" description="Get Title of Login Page" finished-at="2024-09-17T09:30:31 IST" duration-ms="146" status="PASS">
          <reporter-output>
          </reporter-output>
        </test-method> <!-- Fetch_title -->
        <test-method signature="Login()[pri:1, instance:com.qa.openkart.Tests.LoginPageTest@d4ab71a]" started-at="2024-09-17T09:30:31 IST" name="Login" description="Login with Valid Credentials" finished-at="2024-09-17T09:30:33 IST" depends-on-methods="com.qa.openkart.Tests.LoginPageTest.Fetch_title" duration-ms="2308" status="PASS">
          <reporter-output>
          </reporter-output>
        </test-method> <!-- Login -->
        <test-method is-config="true" signature="tearDown()[pri:0, instance:com.qa.openkart.Tests.LoginPageTest@d4ab71a]" started-at="2024-09-17T09:31:12 IST" name="tearDown" finished-at="2024-09-17T09:31:12 IST" duration-ms="301" status="PASS">
          <reporter-output>
          </reporter-output>
        </test-method> <!-- tearDown -->
      </class> <!-- com.qa.openkart.Tests.LoginPageTest -->
      <class name="com.qa.openkart.Tests.HomePageTest">
        <test-method signature="Operations_2()[pri:2, instance:com.qa.openkart.Tests.HomePageTest@4a8b5227]" started-at="2024-09-17T09:30:33 IST" name="Operations_2" description="Get Title of Home Page" finished-at="2024-09-17T09:30:34 IST" duration-ms="1032" status="PASS">
          <reporter-output>
          </reporter-output>
        </test-method> <!-- Operations_2 -->
        <test-method signature="Click_Leads()[pri:3, instance:com.qa.openkart.Tests.HomePageTest@4a8b5227]" started-at="2024-09-17T09:30:34 IST" name="Click_Leads" description="Click on Leads Link on Home Page" finished-at="2024-09-17T09:30:39 IST" duration-ms="4618" status="PASS">
          <reporter-output>
          </reporter-output>
        </test-method> <!-- Click_Leads -->
        <test-method signature="List_of_Leads()[pri:4, instance:com.qa.openkart.Tests.HomePageTest@4a8b5227]" started-at="2024-09-17T09:30:39 IST" name="List_of_Leads" description="List of Leads" finished-at="2024-09-17T09:31:12 IST" duration-ms="33023" status="FAIL">
          <exception class="com.microsoft.playwright.TimeoutError">
            <message>
              <![CDATA[Error {
  message='Timeout 30000ms exceeded.
  name='TimeoutError
  stack='TimeoutError: Timeout 30000ms exceeded.
    at ProgressController.run (C:\Users\JATIN-PC\AppData\Local\Temp\playwright-java-16477072730101147997\package\lib\server\progress.js:78:26)
    at Frame.click (C:\Users\JATIN-PC\AppData\Local\Temp\playwright-java-16477072730101147997\package\lib\server\frames.js:1007:23)
    at FrameDispatcher.click (C:\Users\JATIN-PC\AppData\Local\Temp\playwright-java-16477072730101147997\package\lib\server\dispatchers\frameDispatcher.js:157:30)
    at FrameDispatcher._handleCommand (C:\Users\JATIN-PC\AppData\Local\Temp\playwright-java-16477072730101147997\package\lib\server\dispatchers\dispatcher.js:94:40)
    at DispatcherConnection.dispatch (C:\Users\JATIN-PC\AppData\Local\Temp\playwright-java-16477072730101147997\package\lib\server\dispatchers\dispatcher.js:361:39)
}
Call log:
- waiting for locator("//table[@class='lvt small']").locator("//tr[13]//td[1]//input")
]]>
            </message>
            <full-stacktrace>
              <![CDATA[com.microsoft.playwright.TimeoutError: Error {
  message='Timeout 30000ms exceeded.
  name='TimeoutError
  stack='TimeoutError: Timeout 30000ms exceeded.
    at ProgressController.run (C:\Users\JATIN-PC\AppData\Local\Temp\playwright-java-16477072730101147997\package\lib\server\progress.js:78:26)
    at Frame.click (C:\Users\JATIN-PC\AppData\Local\Temp\playwright-java-16477072730101147997\package\lib\server\frames.js:1007:23)
    at FrameDispatcher.click (C:\Users\JATIN-PC\AppData\Local\Temp\playwright-java-16477072730101147997\package\lib\server\dispatchers\frameDispatcher.js:157:30)
    at FrameDispatcher._handleCommand (C:\Users\JATIN-PC\AppData\Local\Temp\playwright-java-16477072730101147997\package\lib\server\dispatchers\dispatcher.js:94:40)
    at DispatcherConnection.dispatch (C:\Users\JATIN-PC\AppData\Local\Temp\playwright-java-16477072730101147997\package\lib\server\dispatchers\dispatcher.js:361:39)
}
Call log:
- waiting for locator("//table[@class='lvt small']").locator("//tr[13]//td[1]//input")

at com.microsoft.playwright.impl.WaitableResult.get(WaitableResult.java:52)
at com.microsoft.playwright.impl.ChannelOwner.runUntil(ChannelOwner.java:120)
at com.microsoft.playwright.impl.Connection.sendMessage(Connection.java:130)
at com.microsoft.playwright.impl.ChannelOwner.sendMessage(ChannelOwner.java:106)
at com.microsoft.playwright.impl.FrameImpl.clickImpl(FrameImpl.java:252)
at com.microsoft.playwright.impl.FrameImpl.lambda$click$8(FrameImpl.java:243)
at com.microsoft.playwright.impl.LoggingSupport.lambda$withLogging$0(LoggingSupport.java:36)
at com.microsoft.playwright.impl.LoggingSupport.withLogging(LoggingSupport.java:47)
at com.microsoft.playwright.impl.ChannelOwner.withLogging(ChannelOwner.java:89)
at com.microsoft.playwright.impl.LoggingSupport.withLogging(LoggingSupport.java:35)
at com.microsoft.playwright.impl.FrameImpl.click(FrameImpl.java:243)
at com.microsoft.playwright.impl.LocatorImpl.click(LocatorImpl.java:160)
at com.microsoft.playwright.Locator.click(Locator.java:2406)
at com.qa.openkart.pages.Homepage.click_ProductNames_chkbox(Homepage.java:63)
at com.qa.openkart.Tests.HomePageTest.List_of_Leads(HomePageTest.java:59)
at java.base/jdk.internal.reflect.DirectMethodHandleAccessor.invoke(DirectMethodHandleAccessor.java:103)
at java.base/java.lang.reflect.Method.invoke(Method.java:580)
at org.testng.internal.MethodInvocationHelper.invokeMethod(MethodInvocationHelper.java:133)
at org.testng.internal.TestInvoker.invokeMethod(TestInvoker.java:598)
at org.testng.internal.TestInvoker.invokeTestMethod(TestInvoker.java:173)
at org.testng.internal.MethodRunner.runInSequence(MethodRunner.java:46)
at org.testng.internal.TestInvoker$MethodInvocationAgent.invoke(TestInvoker.java:824)
at org.testng.internal.TestInvoker.invokeTestMethods(TestInvoker.java:146)
at org.testng.internal.TestMethodWorker.invokeTestMethods(TestMethodWorker.java:146)
at org.testng.internal.TestMethodWorker.run(TestMethodWorker.java:128)
at java.base/java.util.ArrayList.forEach(ArrayList.java:1597)
at org.testng.TestRunner.privateRun(TestRunner.java:794)
at org.testng.TestRunner.run(TestRunner.java:596)
at org.testng.SuiteRunner.runTest(SuiteRunner.java:377)
at org.testng.SuiteRunner.runSequentially(SuiteRunner.java:371)
at org.testng.SuiteRunner.privateRun(SuiteRunner.java:332)
at org.testng.SuiteRunner.run(SuiteRunner.java:276)
at org.testng.SuiteRunnerWorker.runSuite(SuiteRunnerWorker.java:53)
at org.testng.SuiteRunnerWorker.run(SuiteRunnerWorker.java:96)
at org.testng.TestNG.runSuitesSequentially(TestNG.java:1212)
at org.testng.TestNG.runSuitesLocally(TestNG.java:1134)
at org.testng.TestNG.runSuites(TestNG.java:1063)
at org.testng.TestNG.run(TestNG.java:1031)
at org.testng.remote.AbstractRemoteTestNG.run(AbstractRemoteTestNG.java:115)
at org.testng.remote.RemoteTestNG.initAndRun(RemoteTestNG.java:293)
at org.testng.remote.RemoteTestNG.main(RemoteTestNG.java:91)
Caused by: com.microsoft.playwright.TimeoutError: Error {
  message='Timeout 30000ms exceeded.
  name='TimeoutError
  stack='TimeoutError: Timeout 30000ms exceeded.
    at ProgressController.run (C:\Users\JATIN-PC\AppData\Local\Temp\playwright-java-16477072730101147997\package\lib\server\progress.js:78:26)
    at Frame.click (C:\Users\JATIN-PC\AppData\Local\Temp\playwright-java-16477072730101147997\package\lib\server\frames.js:1007:23)
    at FrameDispatcher.click (C:\Users\JATIN-PC\AppData\Local\Temp\playwright-java-16477072730101147997\package\lib\server\dispatchers\frameDispatcher.js:157:30)
    at FrameDispatcher._handleCommand (C:\Users\JATIN-PC\AppData\Local\Temp\playwright-java-16477072730101147997\package\lib\server\dispatchers\dispatcher.js:94:40)
    at DispatcherConnection.dispatch (C:\Users\JATIN-PC\AppData\Local\Temp\playwright-java-16477072730101147997\package\lib\server\dispatchers\dispatcher.js:361:39)
}
Call log:
- waiting for locator("//table[@class='lvt small']").locator("//tr[13]//td[1]//input")

at com.microsoft.playwright.impl.Connection.dispatch(Connection.java:254)
at com.microsoft.playwright.impl.Connection.processOneMessage(Connection.java:211)
at com.microsoft.playwright.impl.ChannelOwner.runUntil(ChannelOwner.java:118)
... 39 more
]]>
            </full-stacktrace>
          </exception> <!-- com.microsoft.playwright.TimeoutError -->
          <reporter-output>
          </reporter-output>
        </test-method> <!-- List_of_Leads -->
      </class> <!-- com.qa.openkart.Tests.HomePageTest -->
    </test> <!-- Google Search -->
  </suite> <!-- Big TestNG Test -->
</testng-results>
