<?xml version="1.0" encoding="UTF-8"?>
<!-- Generated by org.testng.reporters.JUnitXMLReporter -->
<testsuite ignored="2" hostname="DESKTOP-NB6H5KM" failures="1" tests="3" name="Google Search" time="2.944" errors="0" timestamp="2024-09-11T20:34:34 IST">
  <testcase classname="com.qa.openkart.Tests.ALoginPageTest_1" name="Fetch_title" time="0.044"/>
  <testcase classname="com.qa.openkart.Tests.BHomePageTest_2" name="Click_Leads" time="0.206">
    <failure type="com.microsoft.playwright.PlaywrightException" message="Object doesn&amp;apos;t exist: request@dc4760a3ff5a72b7843c4a2ddbde16a1">
      <![CDATA[com.microsoft.playwright.PlaywrightException: Object doesn't exist: request@dc4760a3ff5a72b7843c4a2ddbde16a1
at com.microsoft.playwright.impl.Connection.getExistingObject(Connection.java:192)
at com.microsoft.playwright.impl.BrowserContextImpl.handleEvent(BrowserContextImpl.java:752)
at com.microsoft.playwright.impl.Connection.dispatch(Connection.java:292)
at com.microsoft.playwright.impl.Connection.processOneMessage(Connection.java:211)
at com.microsoft.playwright.impl.ChannelOwner.runUntil(ChannelOwner.java:118)
at com.microsoft.playwright.impl.Connection.sendMessage(Connection.java:130)
at com.microsoft.playwright.impl.ChannelOwner.sendMessage(ChannelOwner.java:106)
at com.microsoft.playwright.impl.FrameImpl.waitForTimeoutImpl(FrameImpl.java:1076)
at com.microsoft.playwright.impl.PageImpl.lambda$waitForTimeout$95(PageImpl.java:1562)
at com.microsoft.playwright.impl.LoggingSupport.lambda$withLogging$0(LoggingSupport.java:36)
at com.microsoft.playwright.impl.LoggingSupport.withLogging(LoggingSupport.java:47)
at com.microsoft.playwright.impl.ChannelOwner.withLogging(ChannelOwner.java:89)
at com.microsoft.playwright.impl.LoggingSupport.withLogging(LoggingSupport.java:35)
at com.microsoft.playwright.impl.PageImpl.waitForTimeout(PageImpl.java:1562)
at com.qa.openkart.Tests.BHomePageTest_2.Click_Leads(BHomePageTest_2.java:42)
at java.base/java.util.concurrent.ThreadPoolExecutor.runWorker(ThreadPoolExecutor.java:1144)
at java.base/java.util.concurrent.ThreadPoolExecutor$Worker.run(ThreadPoolExecutor.java:642)
at java.base/java.lang.Thread.run(Thread.java:1570)
... Removed 10 stack frames]]>
    </failure>
  </testcase> <!-- Click_Leads -->
  <testcase classname="com.qa.openkart.Tests.ALoginPageTest_1" name="Login" time="1.853"/>
  <testcase classname="com.qa.openkart.testbase.base_class" name="@BeforeSuite setup" time="0.0">
    <ignored/>
  </testcase> <!-- @BeforeSuite setup -->
  <testcase classname="com.qa.openkart.Tests.BHomePageTest_2" name="Operations_2" time="0.0">
    <ignored/>
  </testcase> <!-- Operations_2 -->
</testsuite> <!-- Google Search -->
