<?xml version="1.0" encoding="UTF-8"?>
<!-- Generated by org.testng.reporters.JUnitXMLReporter -->
<testsuite ignored="3" hostname="DESKTOP-NB6H5KM" failures="1" tests="5" name="Google Search" time="45.163" errors="0" timestamp="2024-09-17T09:31:12 IST">
  <testcase classname="com.qa.openkart.Tests.LoginPageTest" name="Fetch_title" time="0.146"/>
  <testcase classname="com.qa.openkart.Tests.LoginPageTest" name="Login" time="2.308"/>
  <testcase classname="com.qa.openkart.Tests.HomePageTest" name="Operations_2" time="1.032"/>
  <testcase classname="com.qa.openkart.Tests.HomePageTest" name="Click_Leads" time="4.618"/>
  <testcase classname="com.qa.openkart.Tests.HomePageTest" name="List_of_Leads" time="33.023">
    <failure type="com.microsoft.playwright.TimeoutError" message="Error {
  message=&amp;apos;Timeout 30000ms exceeded.
  name=&amp;apos;TimeoutError
  stack=&amp;apos;TimeoutError: Timeout 30000ms exceeded.
    at ProgressController.run (C:\Users\JATIN-PC\AppData\Local\Temp\playwright-java-16477072730101147997\package\lib\server\progress.js:78:26)
    at Frame.click (C:\Users\JATIN-PC\AppData\Local\Temp\playwright-java-16477072730101147997\package\lib\server\frames.js:1007:23)
    at FrameDispatcher.click (C:\Users\JATIN-PC\AppData\Local\Temp\playwright-java-16477072730101147997\package\lib\server\dispatchers\frameDispatcher.js:157:30)
    at FrameDispatcher._handleCommand (C:\Users\JATIN-PC\AppData\Local\Temp\playwright-java-16477072730101147997\package\lib\server\dispatchers\dispatcher.js:94:40)
    at DispatcherConnection.dispatch (C:\Users\JATIN-PC\AppData\Local\Temp\playwright-java-16477072730101147997\package\lib\server\dispatchers\dispatcher.js:361:39)
}
Call log:
- waiting for locator(&amp;quot;//table[@class=&amp;apos;lvt small&amp;apos;]&amp;quot;).locator(&amp;quot;//tr[13]//td[1]//input&amp;quot;)
">
      <![CDATA[com.microsoft.playwright.TimeoutError: Error {
  message='Timeout 30000ms exceeded.
  name='TimeoutError
  stack='TimeoutError: Timeout 30000ms exceeded.
    at ProgressController.run (C:\Users\JATIN-PC\AppData\Local\Temp\playwright-java-16477072730101147997\package\lib\server\progress.js:78:26)
    at Frame.click (C:\Users\JATIN-PC\AppData\Local\Temp\playwright-java-16477072730101147997\package\lib\server\frames.js:1007:23)
    at FrameDispatcher.click (C:\Users\JATIN-PC\AppData\Local\Temp\playwright-java-16477072730101147997\package\lib\server\dispatchers\frameDispatcher.js:157:30)
    at FrameDispatcher._handleCommand (C:\Users\JATIN-PC\AppData\Local\Temp\playwright-java-16477072730101147997\package\lib\server\dispatchers\dispatcher.js:94:40)
    at DispatcherConnection.dispatch (C:\Users\JATIN-PC\AppData\Local\Temp\playwright-java-16477072730101147997\package\lib\server\dispatchers\dispatcher.js:361:39)
}
Call log:
- waiting for locator("//table[@class='lvt small']").locator("//tr[13]//td[1]//input")

at com.microsoft.playwright.impl.WaitableResult.get(WaitableResult.java:52)
at com.microsoft.playwright.impl.ChannelOwner.runUntil(ChannelOwner.java:120)
at com.microsoft.playwright.impl.Connection.sendMessage(Connection.java:130)
at com.microsoft.playwright.impl.ChannelOwner.sendMessage(ChannelOwner.java:106)
at com.microsoft.playwright.impl.FrameImpl.clickImpl(FrameImpl.java:252)
at com.microsoft.playwright.impl.FrameImpl.lambda$click$8(FrameImpl.java:243)
at com.microsoft.playwright.impl.LoggingSupport.lambda$withLogging$0(LoggingSupport.java:36)
at com.microsoft.playwright.impl.LoggingSupport.withLogging(LoggingSupport.java:47)
at com.microsoft.playwright.impl.ChannelOwner.withLogging(ChannelOwner.java:89)
at com.microsoft.playwright.impl.LoggingSupport.withLogging(LoggingSupport.java:35)
at com.microsoft.playwright.impl.FrameImpl.click(FrameImpl.java:243)
at com.microsoft.playwright.impl.LocatorImpl.click(LocatorImpl.java:160)
at com.microsoft.playwright.Locator.click(Locator.java:2406)
at com.qa.openkart.pages.Homepage.click_ProductNames_chkbox(Homepage.java:63)
at com.qa.openkart.Tests.HomePageTest.List_of_Leads(HomePageTest.java:59)
at java.base/java.util.ArrayList.forEach(ArrayList.java:1597)
Caused by: com.microsoft.playwright.TimeoutError: Error {
  message='Timeout 30000ms exceeded.
  name='TimeoutError
  stack='TimeoutError: Timeout 30000ms exceeded.
    at ProgressController.run (C:\Users\JATIN-PC\AppData\Local\Temp\playwright-java-16477072730101147997\package\lib\server\progress.js:78:26)
    at Frame.click (C:\Users\JATIN-PC\AppData\Local\Temp\playwright-java-16477072730101147997\package\lib\server\frames.js:1007:23)
    at FrameDispatcher.click (C:\Users\JATIN-PC\AppData\Local\Temp\playwright-java-16477072730101147997\package\lib\server\dispatchers\frameDispatcher.js:157:30)
    at FrameDispatcher._handleCommand (C:\Users\JATIN-PC\AppData\Local\Temp\playwright-java-16477072730101147997\package\lib\server\dispatchers\dispatcher.js:94:40)
    at DispatcherConnection.dispatch (C:\Users\JATIN-PC\AppData\Local\Temp\playwright-java-16477072730101147997\package\lib\server\dispatchers\dispatcher.js:361:39)
}
Call log:
- waiting for locator("//table[@class='lvt small']").locator("//tr[13]//td[1]//input")

at com.microsoft.playwright.impl.Connection.dispatch(Connection.java:254)
at com.microsoft.playwright.impl.Connection.processOneMessage(Connection.java:211)
at com.microsoft.playwright.impl.ChannelOwner.runUntil(ChannelOwner.java:118)
... 39 more
... Removed 25 stack frames]]>
    </failure>
  </testcase> <!-- List_of_Leads -->
  <testcase classname="com.qa.openkart.testbase.base_class" name="@BeforeSuite setup" time="0.0">
    <ignored/>
  </testcase> <!-- @BeforeSuite setup -->
  <testcase classname="com.qa.openkart.testbase.base_class" name="@BeforeTest setUp" time="0.0">
    <ignored/>
  </testcase> <!-- @BeforeTest setUp -->
  <testcase classname="com.qa.openkart.testbase.base_class" name="@AfterTest tearDown" time="0.0">
    <ignored/>
  </testcase> <!-- @AfterTest tearDown -->
</testsuite> <!-- Google Search -->
